Arguments: 
  /usr/local/Cellar/node/8.6.0/bin/node /usr/local/Cellar/yarn/1.1.0/libexec/bin/yarn.js

PATH: 
  /Users/ariamalkani/bin:/usr/local/bin:/usr/local/sbin:/usr/local/bin:/usr/bin:/bin:/usr/sbin:/sbin:/opt/X11/bin:/usr/local/go/bin:/Applications/Postgres.app/Contents/Versions/latest/bin:/Applications/Wireshark.app/Contents/MacOS:/Users/ariamalkani/bin:/usr/local/sbin

Yarn version: 
  1.1.0

Node version: 
  8.6.0

Platform: 
  darwin x64

npm manifest: 
  {
    "name": "react_frontend",
    "version": "1.0.0",
    "description": "",
    "main": "index.js",
    "scripts": {
      "test": "echo \"Error: no test specified\" && exit 1",
      "dev": "webpack-dev-server --config ./webpack.config.js --open",
      "build": "webpack && cp src/index.html dist",
      "start": "serve --single dist",
      "relay": "relay-compiler --src ./src --schema ./schema.graphql"
    },
    "author": "",
    "license": "ISC",
    "devDependencies": {
      "babel-cli": "^6.26.0",
      "babel-core": "^6.26.0",
      "babel-eslint": "^8.2.3",
      "babel-loader": "^7.1.2",
      "babel-plugin-relay": "^1.4.1",
      "babel-plugin-transform-object-rest-spread": "^6.26.0",
      "babel-preset-env": "^1.6.1",
      "babel-preset-es2015": "^6.24.1",
      "babel-preset-flow": "^6.23.0",
      "babel-preset-react": "^6.24.1",
      "babel-preset-stage-0": "^6.24.1",
      "babel-register": "^6.26.0",
      "css-loader": "^0.28.9",
      "eslint": "^4.17.0",
      "eslint-config-airbnb": "^16.1.0",
      "eslint-plugin-import": "^2.8.0",
      "eslint-plugin-jsx-a11y": "^6.0.3",
      "eslint-plugin-react": "^7.6.1",
      "espree": "^3.5.3",
      "file-loader": "^1.1.11",
      "flow-bin": "^0.65.0",
      "less": "^3.0.0",
      "less-loader": "^4.0.5",
      "redux-devtools": "^3.4.1",
      "relay-compiler": "^1.4.1",
      "serve": "^6.5.2",
      "style-loader": "^0.20.1",
      "url-loader": "^1.0.1",
      "webpack": "^3.11.0",
      "webpack-dev-server": "^2.11.1"
    },
    "dependencies": {
  <<<<<<< HEAD
      "isomorphic-unfetch": "^2.0.0",
  =======
      "express": "^4.16.3",
      "express-jwt": "^5.3.1",
      "google-login": "^1.0.3",
  >>>>>>> d10e329... in progress:
      "jwt-decode": "^2.2.0",
      "react": "^16.2.0",
      "react-dom": "^16.2.0",
      "react-google-login": "^3.0.10",
      "react-popout": "^1.0.1",
      "react-redux": "^5.0.7",
      "react-relay": "^1.5.0",
      "react-router-dom": "^4.2.2",
      "react-router-redux": "^4.0.8",
      "redux": "^3.7.2",
      "relay-runtime": "^1.5.0",
      "styled-components": "^3.1.6"
    }
  }

yarn manifest: 
  No manifest

Lockfile: 
  No lockfile

Trace: 
  SyntaxError: /Users/ariamalkani/love-without-boundaries/react_frontend/package.json: Unexpected token < in JSON at position 1459
      at JSON.parse (<anonymous>)
      at /usr/local/Cellar/yarn/1.1.0/libexec/lib/cli.js:764:59
      at Generator.next (<anonymous>)
      at step (/usr/local/Cellar/yarn/1.1.0/libexec/lib/cli.js:92:30)
      at /usr/local/Cellar/yarn/1.1.0/libexec/lib/cli.js:103:13
      at <anonymous>
